::1 - - [14/Aug/2018:02:02:45 +0000] "GET /categories HTTP/1.1" 200 1278 "http://localhost:4200/" "Mozilla/5.0 (Macintosh; Intel Mac OS X 10_13_4) AppleWebKit/537.36 (KHTML, like Gecko) Chrome/68.0.3440.106 Safari/537.36"
::1 - - [14/Aug/2018:02:14:25 +0000] "GET /categories HTTP/1.1" 200 1278 "http://localhost:4200/" "Mozilla/5.0 (Macintosh; Intel Mac OS X 10_13_4) AppleWebKit/537.36 (KHTML, like Gecko) Chrome/68.0.3440.106 Safari/537.36"
::1 - - [14/Aug/2018:02:14:44 +0000] "GET /categories HTTP/1.1" 200 1278 "http://localhost:4200/" "Mozilla/5.0 (Macintosh; Intel Mac OS X 10_13_4) AppleWebKit/537.36 (KHTML, like Gecko) Chrome/68.0.3440.106 Safari/537.36"
::1 - - [14/Aug/2018:02:22:10 +0000] "POST /category HTTP/1.1" 200 61 "http://localhost:4200/add" "Mozilla/5.0 (Macintosh; Intel Mac OS X 10_13_4) AppleWebKit/537.36 (KHTML, like Gecko) Chrome/68.0.3440.106 Safari/537.36"
::1 - - [14/Aug/2018:02:22:31 +0000] "GET /categories HTTP/1.1" 200 1368 "http://localhost:4200/" "Mozilla/5.0 (Macintosh; Intel Mac OS X 10_13_4) AppleWebKit/537.36 (KHTML, like Gecko) Chrome/68.0.3440.106 Safari/537.36"
::1 - - [14/Aug/2018:02:23:33 +0000] "POST /category HTTP/1.1" 200 61 "http://localhost:4200/add" "Mozilla/5.0 (Macintosh; Intel Mac OS X 10_13_4) AppleWebKit/537.36 (KHTML, like Gecko) Chrome/68.0.3440.106 Safari/537.36"
::1 - - [14/Aug/2018:02:25:43 +0000] "POST /category HTTP/1.1" 200 61 "http://localhost:4200/add" "Mozilla/5.0 (Macintosh; Intel Mac OS X 10_13_4) AppleWebKit/537.36 (KHTML, like Gecko) Chrome/68.0.3440.106 Safari/537.36"
::1 - - [14/Aug/2018:02:26:24 +0000] "POST /category HTTP/1.1" 200 46 "http://localhost:4200/add" "Mozilla/5.0 (Macintosh; Intel Mac OS X 10_13_4) AppleWebKit/537.36 (KHTML, like Gecko) Chrome/68.0.3440.106 Safari/537.36"
::1 - - [14/Aug/2018:02:26:31 +0000] "POST /category HTTP/1.1" 501 72 "http://localhost:4200/add" "Mozilla/5.0 (Macintosh; Intel Mac OS X 10_13_4) AppleWebKit/537.36 (KHTML, like Gecko) Chrome/68.0.3440.106 Safari/537.36"
::1 - - [14/Aug/2018:02:27:43 +0000] "POST /category HTTP/1.1" 501 72 "http://localhost:4200/add" "Mozilla/5.0 (Macintosh; Intel Mac OS X 10_13_4) AppleWebKit/537.36 (KHTML, like Gecko) Chrome/68.0.3440.106 Safari/537.36"
::1 - - [14/Aug/2018:02:29:01 +0000] "POST /category HTTP/1.1" 501 72 "http://localhost:4200/add" "Mozilla/5.0 (Macintosh; Intel Mac OS X 10_13_4) AppleWebKit/537.36 (KHTML, like Gecko) Chrome/68.0.3440.106 Safari/537.36"
::1 - - [14/Aug/2018:02:29:14 +0000] "POST /category HTTP/1.1" 501 72 "http://localhost:4200/add" "Mozilla/5.0 (Macintosh; Intel Mac OS X 10_13_4) AppleWebKit/537.36 (KHTML, like Gecko) Chrome/68.0.3440.106 Safari/537.36"
::1 - - [16/Aug/2018:02:20:04 +0000] "GET /categories HTTP/1.1" 200 1641 "http://localhost:3000/" "Mozilla/5.0 (Macintosh; Intel Mac OS X 10_13_4) AppleWebKit/537.36 (KHTML, like Gecko) Chrome/68.0.3440.106 Safari/537.36"
::1 - - [16/Aug/2018:02:20:13 +0000] "GET /categories/Yoga HTTP/1.1" 200 95 "-" "Mozilla/5.0 (Macintosh; Intel Mac OS X 10_13_4) AppleWebKit/537.36 (KHTML, like Gecko) Chrome/68.0.3440.106 Safari/537.36"
::1 - - [16/Aug/2018:02:20:23 +0000] "GET /categories/dsjkdsg HTTP/1.1" 200 4 "-" "Mozilla/5.0 (Macintosh; Intel Mac OS X 10_13_4) AppleWebKit/537.36 (KHTML, like Gecko) Chrome/68.0.3440.106 Safari/537.36"
::1 - - [16/Aug/2018:02:20:29 +0000] "GET /categories/ HTTP/1.1" 200 1641 "-" "Mozilla/5.0 (Macintosh; Intel Mac OS X 10_13_4) AppleWebKit/537.36 (KHTML, like Gecko) Chrome/68.0.3440.106 Safari/537.36"
::1 - - [16/Aug/2018:02:20:51 +0000] "GET /categories/null HTTP/1.1" 200 4 "-" "Mozilla/5.0 (Macintosh; Intel Mac OS X 10_13_4) AppleWebKit/537.36 (KHTML, like Gecko) Chrome/68.0.3440.106 Safari/537.36"
::1 - - [16/Aug/2018:02:21:33 +0000] "GET /categories/null HTTP/1.1" 304 - "-" "Mozilla/5.0 (Macintosh; Intel Mac OS X 10_13_4) AppleWebKit/537.36 (KHTML, like Gecko) Chrome/68.0.3440.106 Safari/537.36"
::1 - - [16/Aug/2018:02:21:36 +0000] "GET /categories/ HTTP/1.1" 304 - "-" "Mozilla/5.0 (Macintosh; Intel Mac OS X 10_13_4) AppleWebKit/537.36 (KHTML, like Gecko) Chrome/68.0.3440.106 Safari/537.36"
::1 - - [16/Aug/2018:02:21:51 +0000] "GET /categories/ HTTP/1.1" 404 150 "-" "Mozilla/5.0 (Macintosh; Intel Mac OS X 10_13_4) AppleWebKit/537.36 (KHTML, like Gecko) Chrome/68.0.3440.106 Safari/537.36"
::1 - - [16/Aug/2018:02:22:01 +0000] "GET /categories/d HTTP/1.1" 200 4 "-" "Mozilla/5.0 (Macintosh; Intel Mac OS X 10_13_4) AppleWebKit/537.36 (KHTML, like Gecko) Chrome/68.0.3440.106 Safari/537.36"
::1 - - [16/Aug/2018:02:23:26 +0000] "POST /category HTTP/1.1" 501 72 "-" "Mozilla/5.0 (Macintosh; Intel Mac OS X 10_13_4) AppleWebKit/537.36 (KHTML, like Gecko) Chrome/68.0.3440.106 Safari/537.36"
::1 - - [16/Aug/2018:02:23:59 +0000] "POST /category HTTP/1.1" 501 72 "-" "Mozilla/5.0 (Macintosh; Intel Mac OS X 10_13_4) AppleWebKit/537.36 (KHTML, like Gecko) Chrome/68.0.3440.106 Safari/537.36"
::1 - - [16/Aug/2018:02:24:24 +0000] "POST /category HTTP/1.1" 200 46 "-" "Mozilla/5.0 (Macintosh; Intel Mac OS X 10_13_4) AppleWebKit/537.36 (KHTML, like Gecko) Chrome/68.0.3440.106 Safari/537.36"
